Log file open, 11/21/18 11:06:01
LogWindows: Failed to load 'aqProf.dll' (GetLastError=126)
LogWindows: File 'aqProf.dll' does not exist
LogWindows: Failed to load 'VtuneApi.dll' (GetLastError=126)
LogWindows: File 'VtuneApi.dll' does not exist
LogWindows: Failed to load 'VtuneApi32e.dll' (GetLastError=126)
LogWindows: File 'VtuneApi32e.dll' does not exist
LogInit: Display: Running engine for game: TableTennisVR
LogPlatformFile: Not using cached read wrapper
LogInit: Display: RandInit(-1044583053) SRandInit(-1044583053).
LogInit: Read version file with build ID '3709383'
LogInit: Overriding engine version to CL 3832480, compatible CL 3709383
LogInit: Registered custom module enumerator with build ID '3709383'
LogTaskGraph: Started task graph with 5 named threads and 14 total threads with 3 sets of task threads.
LogStats: Stats thread started at 0.175769
LogD3D11RHI: Aftermath initialized
LogModuleManager: Display: Found up-to-date module file ../../../Engine/Plugins/2D/Paper2D/Binaries/Win64/UE4Editor-Paper2D.dll (API version 3709383).
LogModuleManager: Display: Found up-to-date module file ../../../Engine/Plugins/2D/Paper2D/Binaries/Win64/UE4Editor-Paper2DEditor.dll (API version 3709383).
LogModuleManager: Display: Found up-to-date module file ../../../Engine/Plugins/2D/Paper2D/Binaries/Win64/UE4Editor-PaperSpriteSheetImporter.dll (API version 3709383).
LogModuleManager: Display: Found up-to-date module file ../../../Engine/Plugins/2D/Paper2D/Binaries/Win64/UE4Editor-PaperTiledImporter.dll (API version 3709383).
LogModuleManager: Display: Found up-to-date module file ../../../Engine/Plugins/2D/Paper2D/Binaries/Win64/UE4Editor-SmartSnapping.dll (API version 3709383).
LogModuleManager: Display: Found up-to-date module file ../../../Engine/Plugins/Blendables/LightPropagationVolume/Binaries/Win64/UE4Editor-LightPropagationVolumeRuntime.dll (API version 3709383).
LogModuleManager: Display: Found up-to-date module file ../../../Engine/Plugins/Blendables/LightPropagationVolume/Binaries/Win64/UE4Editor-LightPropagationVolumeEditor.dll (API version 3709383).
LogModuleManager: Display: Found up-to-date module file ../../../Engine/Plugins/Developer/GitSourceControl/Binaries/Win64/UE4Editor-GitSourceControl.dll (API version 3709383).
LogModuleManager: Display: Found up-to-date module file ../../../Engine/Plugins/Developer/PerforceSourceControl/Binaries/Win64/UE4Editor-PerforceSourceControl.dll (API version 3709383).
LogModuleManager: Display: Found up-to-date module file ../../../Engine/Plugins/Developer/SubversionSourceControl/Binaries/Win64/UE4Editor-SubversionSourceControl.dll (API version 3709383).
LogModuleManager: Display: Found up-to-date module file ../../../Engine/Plugins/Developer/UObjectPlugin/Binaries/Win64/UE4Editor-UObjectPlugin.dll (API version 3709383).
LogModuleManager: Display: Found up-to-date module file ../../../Engine/Plugins/Developer/VisualStudioCodeSourceCodeAccess/Binaries/Win64/UE4Editor-VisualStudioCodeSourceCodeAccess.dll (API version 3709383).
LogModuleManager: Display: Found up-to-date module file ../../../Engine/Plugins/Developer/VisualStudioSourceCodeAccess/Binaries/Win64/UE4Editor-VisualStudioSourceCodeAccess.dll (API version 3709383).
LogModuleManager: Display: Found up-to-date module file ../../../Engine/Plugins/Editor/AssetManagerEditor/Binaries/Win64/UE4Editor-AssetManagerEditor.dll (API version 3709383).
LogModuleManager: Display: Found up-to-date module file ../../../Engine/Plugins/Editor/AudioCapture/Binaries/Win64/UE4Editor-AudioCapture.dll (API version 3709383).
LogModuleManager: Display: Found up-to-date module file ../../../Engine/Plugins/Editor/FacialAnimation/Binaries/Win64/UE4Editor-FacialAnimation.dll (API version 3709383).
LogModuleManager: Display: Found up-to-date module file ../../../Engine/Plugins/Editor/FacialAnimation/Binaries/Win64/UE4Editor-FacialAnimationEditor.dll (API version 3709383).
LogModuleManager: Display: Found up-to-date module file ../../../Engine/Plugins/Editor/GameplayTagsEditor/Binaries/Win64/UE4Editor-GameplayTagsEditor.dll (API version 3709383).
LogModuleManager: Display: Found up-to-date module file ../../../Engine/Plugins/Editor/MobileLauncherProfileWizard/Binaries/Win64/UE4Editor-MobileLauncherProfileWizard.dll (API version 3709383).
LogModuleManager: Display: Found up-to-date module file ../../../Engine/Plugins/Editor/PluginBrowser/Binaries/Win64/UE4Editor-PluginBrowser.dll (API version 3709383).
LogModuleManager: Display: Found up-to-date module file ../../../Engine/Plugins/Editor/SpeedTreeImporter/Binaries/Win64/UE4Editor-SpeedTreeImporter.dll (API version 3709383).
LogModuleManager: Display: Found up-to-date module file ../../../Engine/Plugins/Experimental/AlembicImporter/Binaries/Win64/UE4Editor-AlembicImporter.dll (API version 3709383).
LogModuleManager: Display: Found up-to-date module file ../../../Engine/Plugins/Experimental/AlembicImporter/Binaries/Win64/UE4Editor-AlembicLibrary.dll (API version 3709383).
LogModuleManager: Display: Found up-to-date module file ../../../Engine/Plugins/Experimental/CharacterAI/Binaries/Win64/UE4Editor-CharacterAI.dll (API version 3709383).
LogModuleManager: Display: Found up-to-date module file ../../../Engine/Plugins/Experimental/HTML5Networking/Binaries/Win64/UE4Editor-HTML5Networking.dll (API version 3709383).
LogModuleManager: Display: Found up-to-date module file ../../../Engine/Plugins/Media/AndroidMedia/Binaries/Win64/UE4Editor-AndroidMediaEditor.dll (API version 3709383).
LogModuleManager: Display: Found up-to-date module file ../../../Engine/Plugins/Media/AndroidMedia/Binaries/Win64/UE4Editor-AndroidMediaFactory.dll (API version 3709383).
LogModuleManager: Display: Found up-to-date module file ../../../Engine/Plugins/Media/AvfMedia/Binaries/Win64/UE4Editor-AvfMediaEditor.dll (API version 3709383).
LogModuleManager: Display: Found up-to-date module file ../../../Engine/Plugins/Media/AvfMedia/Binaries/Win64/UE4Editor-AvfMediaFactory.dll (API version 3709383).
LogModuleManager: Display: Found up-to-date module file ../../../Engine/Plugins/Media/AvfMedia/Binaries/Win64/UE4Editor-AvfMediaFactory.dll (API version 3709383).
LogModuleManager: Display: Found up-to-date module file ../../../Engine/Plugins/Media/ImgMedia/Binaries/Win64/UE4Editor-ImgMedia.dll (API version 3709383).
LogModuleManager: Display: Found up-to-date module file ../../../Engine/Plugins/Media/ImgMedia/Binaries/Win64/UE4Editor-ImgMediaEditor.dll (API version 3709383).
LogModuleManager: Display: Found up-to-date module file ../../../Engine/Plugins/Media/ImgMedia/Binaries/Win64/UE4Editor-ImgMediaFactory.dll (API version 3709383).
LogModuleManager: Display: Found up-to-date module file ../../../Engine/Plugins/Media/ImgMedia/Binaries/Win64/UE4Editor-ImgMediaFactory.dll (API version 3709383).
LogModuleManager: Display: Found up-to-date module file ../../../Engine/Plugins/Media/ImgMedia/Binaries/Win64/UE4Editor-OpenExrWrapper.dll (API version 3709383).
LogModuleManager: Display: Found up-to-date module file ../../../Engine/Plugins/Media/MediaCompositing/Binaries/Win64/UE4Editor-MediaCompositing.dll (API version 3709383).
LogModuleManager: Display: Found up-to-date module file ../../../Engine/Plugins/Media/MediaCompositing/Binaries/Win64/UE4Editor-MediaCompositingEditor.dll (API version 3709383).
LogModuleManager: Display: Found up-to-date module file ../../../Engine/Plugins/Media/MediaPlayerEditor/Binaries/Win64/UE4Editor-MediaPlayerEditor.dll (API version 3709383).
LogModuleManager: Display: Found up-to-date module file ../../../Engine/Plugins/Media/WmfMedia/Binaries/Win64/UE4Editor-WmfMedia.dll (API version 3709383).
LogModuleManager: Display: Found up-to-date module file ../../../Engine/Plugins/Media/WmfMedia/Binaries/Win64/UE4Editor-WmfMediaEditor.dll (API version 3709383).
LogModuleManager: Display: Found up-to-date module file ../../../Engine/Plugins/Media/WmfMedia/Binaries/Win64/UE4Editor-WmfMediaFactory.dll (API version 3709383).
LogModuleManager: Display: Found up-to-date module file ../../../Engine/Plugins/Media/WmfMedia/Binaries/Win64/UE4Editor-WmfMediaFactory.dll (API version 3709383).
LogModuleManager: Display: Found up-to-date module file ../../../Engine/Plugins/Messaging/TcpMessaging/Binaries/Win64/UE4Editor-TcpMessaging.dll (API version 3709383).
LogModuleManager: Display: Found up-to-date module file ../../../Engine/Plugins/Messaging/UdpMessaging/Binaries/Win64/UE4Editor-UdpMessaging.dll (API version 3709383).
LogModuleManager: Display: Found up-to-date module file ../../../Engine/Plugins/MovieScene/ActorSequence/Binaries/Win64/UE4Editor-ActorSequence.dll (API version 3709383).
LogModuleManager: Display: Found up-to-date module file ../../../Engine/Plugins/MovieScene/LevelSequenceEditor/Binaries/Win64/UE4Editor-LevelSequenceEditor.dll (API version 3709383).
LogModuleManager: Display: Found up-to-date module file ../../../Engine/Plugins/MovieScene/MatineeToLevelSequence/Binaries/Win64/UE4Editor-MatineeToLevelSequence.dll (API version 3709383).
LogModuleManager: Display: Found up-to-date module file ../../../Engine/Plugins/Online/OnlineSubsystem/Binaries/Win64/UE4Editor-OnlineSubsystem.dll (API version 3709383).
LogModuleManager: Display: Found up-to-date module file ../../../Engine/Plugins/Runtime/AndroidPermission/Binaries/Win64/UE4Editor-AndroidPermission.dll (API version 3709383).
LogModuleManager: Display: Found up-to-date module file ../../../Engine/Plugins/Online/OnlineSubsystemNull/Binaries/Win64/UE4Editor-OnlineSubsystemNull.dll (API version 3709383).
LogModuleManager: Display: Found up-to-date module file ../../../Engine/Plugins/Online/OnlineSubsystemUtils/Binaries/Win64/UE4Editor-OnlineSubsystemUtils.dll (API version 3709383).
LogModuleManager: Display: Found up-to-date module file ../../../Engine/Plugins/Online/OnlineSubsystemUtils/Binaries/Win64/UE4Editor-OnlineBlueprintSupport.dll (API version 3709383).
LogModuleManager: Display: Found up-to-date module file ../../../Engine/Plugins/Runtime/AndroidDeviceProfileSelector/Binaries/Win64/UE4Editor-AndroidDeviceProfileSelector.dll (API version 3709383).
LogModuleManager: Display: Found up-to-date module file ../../../Engine/Plugins/Runtime/AppleARKit/Binaries/Win64/UE4Editor-AppleARKit.dll (API version 3709383).
LogModuleManager: Display: Found up-to-date module file ../../../Engine/Plugins/Runtime/ArchVisCharacter/Binaries/Win64/UE4Editor-ArchVisCharacter.dll (API version 3709383).
LogModuleManager: Display: Found up-to-date module file ../../../Engine/Plugins/Runtime/CableComponent/Binaries/Win64/UE4Editor-CableComponent.dll (API version 3709383).
LogModuleManager: Display: Found up-to-date module file ../../../Engine/Plugins/Runtime/CustomMeshComponent/Binaries/Win64/UE4Editor-CustomMeshComponent.dll (API version 3709383).
LogModuleManager: Display: Found up-to-date module file ../../../Engine/Plugins/Runtime/ExampleDeviceProfileSelector/Binaries/Win64/UE4Editor-ExampleDeviceProfileSelector.dll (API version 3709383).
LogModuleManager: Display: Found up-to-date module file ../../../Engine/Plugins/Runtime/ImmediatePhysics/Binaries/Win64/UE4Editor-ImmediatePhysics.dll (API version 3709383).
LogModuleManager: Display: Found up-to-date module file ../../../Engine/Plugins/Runtime/ImmediatePhysics/Binaries/Win64/UE4Editor-ImmediatePhysicsEditor.dll (API version 3709383).
LogModuleManager: Display: Found up-to-date module file ../../../Engine/Plugins/Runtime/LocationServicesBPLibrary/Binaries/Win64/UE4Editor-LocationServicesBPLibrary.dll (API version 3709383).
LogModuleManager: Display: Found up-to-date module file ../../../Engine/Plugins/Runtime/MobilePatchingUtils/Binaries/Win64/UE4Editor-MobilePatchingUtils.dll (API version 3709383).
LogModuleManager: Display: Found up-to-date module file ../../../Engine/Plugins/Runtime/Oculus/OculusVR/Binaries/Win64/UE4Editor-OculusHMD.dll (API version 3709383).
LogModuleManager: Display: Found up-to-date module file ../../../Engine/Plugins/Runtime/Oculus/OculusVR/Binaries/Win64/UE4Editor-OculusInput.dll (API version 3709383).
LogModuleManager: Display: Found up-to-date module file ../../../Engine/Plugins/Runtime/Oculus/OculusVR/Binaries/Win64/UE4Editor-OculusEditor.dll (API version 3709383).
LogModuleManager: Display: Found up-to-date module file ../../../Engine/Plugins/Runtime/PhysXVehicles/Binaries/Win64/UE4Editor-PhysXVehicles.dll (API version 3709383).
LogModuleManager: Display: Found up-to-date module file ../../../Engine/Plugins/Runtime/PhysXVehicles/Binaries/Win64/UE4Editor-PhysXVehiclesEditor.dll (API version 3709383).
LogModuleManager: Display: Found up-to-date module file ../../../Engine/Plugins/Runtime/ProceduralMeshComponent/Binaries/Win64/UE4Editor-ProceduralMeshComponent.dll (API version 3709383).
LogModuleManager: Display: Found up-to-date module file ../../../Engine/Plugins/Runtime/ProceduralMeshComponent/Binaries/Win64/UE4Editor-ProceduralMeshComponentEditor.dll (API version 3709383).
LogModuleManager: Display: Found up-to-date module file ../../../Engine/Plugins/Runtime/RuntimePhysXCooking/Binaries/Win64/UE4Editor-RuntimePhysXCooking.dll (API version 3709383).
LogModuleManager: Display: Found up-to-date module file ../../../Engine/Plugins/Runtime/Steam/SteamVR/Binaries/Win64/UE4Editor-SteamVR.dll (API version 3709383).
LogModuleManager: Display: Found up-to-date module file ../../../Engine/Plugins/Runtime/Steam/SteamVR/Binaries/Win64/UE4Editor-SteamVRController.dll (API version 3709383).
LogModuleManager: Display: Found up-to-date module file ../../../Engine/Plugins/Runtime/WindowsMoviePlayer/Binaries/Win64/UE4Editor-WindowsMoviePlayer.dll (API version 3709383).
LogPluginManager: Mounting plugin Paper2D
LogPluginManager: Mounting plugin LightPropagationVolume
LogPluginManager: Mounting plugin CodeLiteSourceCodeAccess
LogPluginManager: Mounting plugin GitSourceControl
LogPluginManager: Mounting plugin KDevelopSourceCodeAccess
LogPluginManager: Mounting plugin NullSourceCodeAccess
LogPluginManager: Mounting plugin PerforceSourceControl
LogPluginManager: Mounting plugin SubversionSourceControl
LogPluginManager: Mounting plugin UObjectPlugin
LogPluginManager: Mounting plugin VisualStudioCodeSourceCodeAccess
LogPluginManager: Mounting plugin VisualStudioSourceCodeAccess
LogPluginManager: Mounting plugin XCodeSourceCodeAccess
LogPluginManager: Mounting plugin AssetManagerEditor
LogPluginManager: Mounting plugin AudioCapture
LogPluginManager: Mounting plugin FacialAnimation
LogPluginManager: Mounting plugin GameplayTagsEditor
LogPluginManager: Mounting plugin MobileLauncherProfileWizard
LogPluginManager: Mounting plugin PluginBrowser
LogPluginManager: Mounting plugin SpeedTreeImporter
LogPluginManager: Mounting plugin AlembicImporter
LogPluginManager: Mounting plugin CharacterAI
LogPluginManager: Mounting plugin HTML5Networking
LogPluginManager: Mounting plugin AndroidMedia
LogPluginManager: Mounting plugin AvfMedia
LogPluginManager: Mounting plugin ImgMedia
LogPluginManager: Mounting plugin MediaCompositing
LogPluginManager: Mounting plugin MediaPlayerEditor
LogPluginManager: Mounting plugin WmfMedia
LogPluginManager: Mounting plugin TcpMessaging
LogPluginManager: Mounting plugin UdpMessaging
LogPluginManager: Mounting plugin ActorSequence
LogPluginManager: Mounting plugin LevelSequenceEditor
LogPluginManager: Mounting plugin MatineeToLevelSequence
LogPluginManager: Mounting plugin OnlineSubsystemGooglePlay
LogPluginManager: Mounting plugin OnlineSubsystemIOS
LogPluginManager: Mounting plugin OnlineSubsystem
LogPluginManager: Mounting plugin OnlineSubsystemNull
LogPluginManager: Mounting plugin OnlineSubsystemUtils
LogPluginManager: Mounting plugin AndroidDeviceProfileSelector
LogPluginManager: Mounting plugin AndroidMoviePlayer
LogPluginManager: Mounting plugin AndroidPermission
LogPluginManager: Mounting plugin AppleARKit
LogPluginManager: Mounting plugin AppleMoviePlayer
LogPluginManager: Mounting plugin ArchVisCharacter
LogPluginManager: Mounting plugin CableComponent
LogPluginManager: Mounting plugin CustomMeshComponent
LogPluginManager: Mounting plugin ExampleDeviceProfileSelector
LogPluginManager: Mounting plugin GoogleCloudMessaging
LogPluginManager: Mounting plugin ImmediatePhysics
LogPluginManager: Mounting plugin IOSDeviceProfileSelector
LogPluginManager: Mounting plugin LinuxDeviceProfileSelector
LogPluginManager: Mounting plugin LocationServicesBPLibrary
LogPluginManager: Mounting plugin MobilePatchingUtils
LogPluginManager: Mounting plugin OculusVR
LogPluginManager: Plugin shader directory ../../../Engine/Plugins/Runtime/Oculus/OculusVR/Shaders found
LogPluginManager: Mapping shader source directory ../../../Engine/Plugins/Runtime/Oculus/OculusVR/Shaders to virtual directory /Plugin/OculusVR
LogPluginManager: Mounting plugin PhysXVehicles
LogPluginManager: Mounting plugin ProceduralMeshComponent
LogPluginManager: Mounting plugin RuntimePhysXCooking
LogPluginManager: Mounting plugin SteamVR
LogPluginManager: Mounting plugin WindowsMoviePlayer
LogInit: Using libcurl 7.47.1
LogInit:  - built for x86_64-pc-win32
LogInit:  - supports SSL with OpenSSL/1.0.2g
LogInit:  - supports HTTP deflate (compression) using libz 1.2.8
LogInit:  - other features:
LogInit:      CURL_VERSION_SSL
LogInit:      CURL_VERSION_LIBZ
LogInit:      CURL_VERSION_IPV6
LogInit:      CURL_VERSION_ASYNCHDNS
LogInit:      CURL_VERSION_LARGEFILE
LogInit:      CURL_VERSION_IDN
LogInit:  CurlRequestOptions (configurable via config and command line):
LogInit:  - bVerifyPeer = false  - Libcurl will NOT verify peer certificate
LogInit:  - bUseHttpProxy = false  - Libcurl will NOT use HTTP proxy
LogInit:  - bDontReuseConnections = false  - Libcurl will reuse connections
LogInit:  - CertBundlePath = nullptr  - Libcurl will use whatever was configured at build time.
LogInit: Build: ++UE4+Release-4.18-CL-3832480
LogInit: Engine Version: 4.18.3-3832480+++UE4+Release-4.18
LogInit: Compatible Engine Version: 4.18.0-3709383+++UE4+Release-4.18
LogInit: Net CL: 3709383
LogDevObjectVersion: Number of dev versions registered: 16
LogDevObjectVersion:   Dev-Blueprints (B0D832E4-1F89-4F0D-ACCF-7EB736FD4AA2): 10
LogDevObjectVersion:   Dev-Build (E1C64328-A22C-4D53-A36C-8E866417BD8C): 0
LogDevObjectVersion:   Dev-Core (375EC13C-06E4-48FB-B500-84F0262A717E): 2
LogDevObjectVersion:   Dev-Editor (E4B068ED-F494-42E9-A231-DA0B2E46BB41): 20
LogDevObjectVersion:   Dev-Framework (CFFC743F-43B0-4480-9391-14DF171D2073): 30
LogDevObjectVersion:   Dev-Mobile (B02B49B5-BB20-44E9-A304-32B752E40360): 0
LogDevObjectVersion:   Dev-Networking (A4E4105C-59A1-49B5-A7C5-40C4547EDFEE): 0
LogDevObjectVersion:   Dev-Online (39C831C9-5AE6-47DC-9A44-9C173E1C8E7C): 0
LogDevObjectVersion:   Dev-Physics (78F01B33-EBEA-4F98-B9B4-84EACCB95AA2): 0
LogDevObjectVersion:   Dev-Platform (6631380F-2D4D-43E0-8009-CF276956A95A): 0
LogDevObjectVersion:   Dev-Rendering (12F88B9F-8875-4AFC-A67C-D90C383ABD29): 20
LogDevObjectVersion:   Dev-Sequencer (7B5AE74C-D270-4C10-A958-57980B212A5A): 4
LogDevObjectVersion:   Dev-VR (D7296918-1DD6-4BDD-9DE2-64A83CC13884): 0
LogDevObjectVersion:   Dev-LoadTimes (C2A15278-BFE7-4AFE-6C17-90FF531DF755): 1
LogDevObjectVersion:   Private-Geometry (6EACA3D4-40EC-4CC1-B786-8BED09428FC5): 1
LogDevObjectVersion:   Dev-AnimPhys (29E575DD-E0A3-4627-9D10-D276232CDCEA): 12
LogInit: Compiled (64-bit): Jan 12 2018 02:04:55
LogInit: Compiled with Visual C++: 19.00.24215.01
LogInit: Build Configuration: Development
LogInit: Branch Name: ++UE4+Release-4.18
LogInit: Command line:  
LogInit: Base directory: D:/UE_4.18/Engine/Binaries/Win64/
LogInit: Installed Engine Build: 1
LogInit: Presizing for max 8388607 objects, including 0 objects not considered by GC, pre-allocating 0 bytes for permanent pool.
LogInit: Object subsystem initialized
[2018.11.20-22.06.02:769][  0]LogInit: Selected Device Profile: [Windows]
[2018.11.20-22.06.02:769][  0]LogInit: Applying CVar settings loaded from the selected device profile: [Windows]
[2018.11.20-22.06.02:792][  0]LogInit: Computer: DESKTOP-L4G5N0U
[2018.11.20-22.06.02:796][  0]LogInit: User: Ryan
[2018.11.20-22.06.02:796][  0]LogInit: CPU Page size=4096, Cores=4
[2018.11.20-22.06.02:796][  0]LogInit: High frequency timer resolution =2.648436 MHz
[2018.11.20-22.06.02:797][  0]LogMemory: Memory total: Physical=7.9GB (8GB approx)
[2018.11.20-22.06.02:797][  0]LogMemory: Platform Memory Stats for Windows
[2018.11.20-22.06.02:797][  0]LogMemory: Process Physical Memory: 273.10 MB used, 273.10 MB peak
[2018.11.20-22.06.02:797][  0]LogMemory: Process Virtual Memory: 271.70 MB used, 271.70 MB peak
[2018.11.20-22.06.02:797][  0]LogMemory: Physical Memory: 6206.01 MB used,  1910.88 MB free, 8116.89 MB total
[2018.11.20-22.06.02:797][  0]LogMemory: Virtual Memory: 4781.30 MB used,  1910.88 MB free, 134217728.00 MB total
[2018.11.20-22.06.02:988][  0]LogInit: Using OS detected language (en-US).
[2018.11.20-22.06.02:988][  0]LogInit: Using OS detected locale (en-NZ).
[2018.11.20-22.06.02:994][  0]LogTextLocalizationManager: No specific localization for 'en-US' exists, so the 'en' localization will be used.
[2018.11.20-22.06.03:447][  0]LogInit: Setting process to per monitor DPI aware
[2018.11.20-22.06.03:830][  0]LogD3D11RHI: D3D11 adapters:
[2018.11.20-22.06.03:889][  0]LogD3D11RHI:    0. 'NVIDIA GeForce GTX 970' (Feature Level 11_0)
[2018.11.20-22.06.03:890][  0]LogD3D11RHI:       4043/0/4058 MB DedicatedVideo/DedicatedSystem/SharedSystem, Outputs:2, VendorId:0x10de
[2018.11.20-22.06.03:891][  0]LogD3D11RHI:    1. 'Microsoft Basic Render Driver' (Feature Level 11_0)
[2018.11.20-22.06.03:891][  0]LogD3D11RHI:       0/0/4058 MB DedicatedVideo/DedicatedSystem/SharedSystem, Outputs:0, VendorId:0x1414
[2018.11.20-22.06.03:891][  0]LogD3D11RHI: Chosen D3D11 Adapter: 0
[2018.11.20-22.06.03:900][  0]LogD3D11RHI: Creating new Direct3DDevice
[2018.11.20-22.06.03:900][  0]LogD3D11RHI:     GPU DeviceId: 0x13c2 (for the marketing name, search the web for "GPU Device Id")
[2018.11.20-22.06.03:900][  0]LogWindows: EnumDisplayDevices:
[2018.11.20-22.06.03:900][  0]LogWindows:    0. 'NVIDIA GeForce GTX 970' (P:1 D:1)
[2018.11.20-22.06.03:900][  0]LogWindows:    1. 'NVIDIA GeForce GTX 970' (P:0 D:1)
[2018.11.20-22.06.03:901][  0]LogWindows:    2. 'NVIDIA GeForce GTX 970' (P:0 D:0)
[2018.11.20-22.06.03:901][  0]LogWindows:    3. 'NVIDIA GeForce GTX 970' (P:0 D:0)
[2018.11.20-22.06.03:901][  0]LogWindows: DebugString: GetVideoDriverDetailsInvalid PrimaryIsNotTheChoosenAdapter GetVideoDriverDetailsInvalid PrimaryIsNotTheChoosenAdapter GetVideoDriverDetailsInvalid PrimaryIsNotTheChoosenAdapter GetVideoDriverDetailsInvalid PrimaryIsNotTheChoosenAdapter FoundDriverCount:0 
[2018.11.20-22.06.03:901][  0]LogD3D11RHI:     Adapter Name: NVIDIA GeForce GTX 970
[2018.11.20-22.06.03:901][  0]LogD3D11RHI:   Driver Version: Unknown (internal:Unknown, unified:Unknown)
[2018.11.20-22.06.03:901][  0]LogD3D11RHI:      Driver Date: Unknown
[2018.11.20-22.06.03:901][  0]LogRHI: Texture pool is 2830 MB (70% of 4043 MB)
[2018.11.20-22.06.03:944][  0]LogD3D11RHI: Async texture creation enabled
[2018.11.20-22.06.04:009][  0]LogD3D11RHI: GPU Timing Frequency: 1000.000000 (Debug: 2 2)
[2018.11.20-22.06.04:057][  0]LogShaderCompilers: Guid format shader working directory is 10 characters bigger than the processId version (C:/Users/Ryan/Desktop/TableTennisVR/Intermediate/Shaders/WorkingDirectory/8784/).
[2018.11.20-22.06.04:058][  0]LogShaderCompilers: Cleaned the shader compiler working directory 'C:/Users/Ryan/AppData/Local/Temp/UnrealShaderWorkingDir/79F91D92444214C3BA49F494A7BEE337/'.
[2018.11.20-22.06.04:058][  0]LogShaderCompilers: Display: Using Local Shader Compiler.
[2018.11.20-22.06.04:970][  0]LogTemp: Display: Loaded TP AllDesktopTargetPlatform
[2018.11.20-22.06.05:021][  0]LogTemp: Display: Loaded TP MacClientTargetPlatform
[2018.11.20-22.06.05:072][  0]LogTemp: Display: Loaded TP MacNoEditorTargetPlatform
[2018.11.20-22.06.05:121][  0]LogTemp: Display: Loaded TP MacServerTargetPlatform
[2018.11.20-22.06.05:172][  0]LogTemp: Display: Loaded TP MacTargetPlatform
[2018.11.20-22.06.05:222][  0]LogTemp: Display: Loaded TP WindowsClientTargetPlatform
[2018.11.20-22.06.05:273][  0]LogTemp: Display: Loaded TP WindowsNoEditorTargetPlatform
[2018.11.20-22.06.05:322][  0]LogTemp: Display: Loaded TP WindowsServerTargetPlatform
[2018.11.20-22.06.05:366][  0]LogTemp: Display: Loaded TP WindowsTargetPlatform
[2018.11.20-22.06.05:416][  0]LogTemp: Display: Loaded TP Android_ASTCTargetPlatform
[2018.11.20-22.06.05:466][  0]LogTemp: Display: Loaded TP Android_ATCTargetPlatform
[2018.11.20-22.06.05:515][  0]LogTemp: Display: Loaded TP Android_DXTTargetPlatform
[2018.11.20-22.06.05:566][  0]LogTemp: Display: Loaded TP Android_ETC1TargetPlatform
[2018.11.20-22.06.05:618][  0]LogTemp: Display: Loaded TP Android_ETC2TargetPlatform
[2018.11.20-22.06.05:716][  0]LogTemp: Display: Loaded TP Android_MultiTargetPlatform
[2018.11.20-22.06.05:716][  0]LogTemp: Display: Loaded TP Android_PVRTCTargetPlatform
[2018.11.20-22.06.05:767][  0]LogTemp: Display: Loaded TP AndroidTargetPlatform
[2018.11.20-22.06.05:805][  0]LogTemp: Display: Loaded TP HTML5TargetPlatform
[2018.11.20-22.06.05:895][  0]LogTemp: Display: Loaded TP IOSTargetPlatform
[2018.11.20-22.06.05:922][  0]LogTemp: Display: Loaded TP TVOSTargetPlatform
[2018.11.20-22.06.05:971][  0]LogTemp: Display: Loaded TP LinuxClientTargetPlatform
[2018.11.20-22.06.06:020][  0]LogTemp: Display: Loaded TP LinuxNoEditorTargetPlatform
[2018.11.20-22.06.06:070][  0]LogTemp: Display: Loaded TP LinuxServerTargetPlatform
[2018.11.20-22.06.06:120][  0]LogTemp: Display: Loaded TP LinuxTargetPlatform
[2018.11.20-22.06.06:120][  0]LogTargetPlatformManager: Display: Building Assets For Windows
[2018.11.20-22.06.06:534][  0]LogDerivedDataCache: Display: Max Cache Size: 512 MB
[2018.11.20-22.06.06:638][  0]LogDerivedDataCache: Loaded boot cache 0.10s 78MB C:/Users/Ryan/AppData/Local/UnrealEngine/4.18/DerivedDataCache/Boot.ddc.
[2018.11.20-22.06.06:638][  0]LogDerivedDataCache: Display: Loaded Boot cache: C:/Users/Ryan/AppData/Local/UnrealEngine/4.18/DerivedDataCache/Boot.ddc
[2018.11.20-22.06.06:638][  0]LogDerivedDataCache: FDerivedDataBackendGraph:  Pak pak cache file C:/Users/Ryan/Desktop/TableTennisVR/DerivedDataCache/DDC.ddp not found, will not use a pak cache.
[2018.11.20-22.06.06:638][  0]LogDerivedDataCache: Unable to find inner node Pak for hierarchical cache Hierarchy.
[2018.11.20-22.06.06:638][  0]LogDerivedDataCache: FDerivedDataBackendGraph:  CompressedPak pak cache file C:/Users/Ryan/Desktop/TableTennisVR/DerivedDataCache/Compressed.ddp not found, will not use a pak cache.
[2018.11.20-22.06.06:639][  0]LogDerivedDataCache: Unable to find inner node CompressedPak for hierarchical cache Hierarchy.
[2018.11.20-22.06.06:655][  0]LogDerivedDataCache: Display: Pak cache opened for reading ../../../Engine/DerivedDataCache/Compressed.ddp.
[2018.11.20-22.06.06:668][  0]LogDerivedDataCache: Using Local data cache path C:/Users/Ryan/AppData/Local/UnrealEngine/Common/DerivedDataCache: Writable
[2018.11.20-22.06.06:679][  0]LogMaterial: Verifying Global Shaders for PCD3D_SM5
[2018.11.20-22.06.06:680][  0]LogSlate: Using Freetype 2.6.0
[2018.11.20-22.06.06:681][  0]LogSlate: SlateFontCache - WITH_FREETYPE: 1, WITH_HARFBUZZ: 1
[2018.11.20-22.06.06:681][  0]LogSlate: SlateFontCache - WITH_FREETYPE: 1, WITH_HARFBUZZ: 1
[2018.11.20-22.06.07:093][  0]LogInit: Selected Device Profile: [Windows]
[2018.11.20-22.06.07:419][  0]LogSimplygon: Simplygon DLL not present - disabling.
[2018.11.20-22.06.07:457][  0]LogMeshReduction: Using SimplygonSwarm for distributed automatic mesh merging
[2018.11.20-22.06.07:457][  0]LogMeshReduction: Using QuadricMeshReduction for automatic static mesh reduction
[2018.11.20-22.06.07:457][  0]LogMeshReduction: No automatic skeletal mesh reduction module available
[2018.11.20-22.06.07:457][  0]LogMeshReduction: No automatic mesh merging module available
[2018.11.20-22.06.07:457][  0]LogMeshMerging: No automatic mesh merging module available
[2018.11.20-22.06.07:499][  0]LogNetVersion: TableTennisVR , NetCL: 3709383, EngineNetVer: 2, GameNetVer: 0 (Checksum: 1708396426)
[2018.11.20-22.06.07:686][  0]LogAssetRegistry: FAssetRegistry took 0.0271 seconds to start up
[2018.11.20-22.06.08:253][  0]LogPackageLocalizationCache: Processed 7 localized package path(s) for 2 prioritized culture(s) in 0.076931 seconds
[2018.11.20-22.06.08:259][  0]LogUObjectArray: 35870 objects as part of root set at end of initial load.
[2018.11.20-22.06.08:259][  0]LogUObjectAllocator: 7363704 out of 0 bytes used by permanent object pool.
[2018.11.20-22.06.08:259][  0]LogUObjectArray: CloseDisregardForGC: 0/0 objects in disregard for GC pool
[2018.11.20-22.06.08:298][  0]LogInit: WinSock: version 1.1 (2.2), MaxSocks=32767, MaxUdp=65467
[2018.11.20-22.06.11:277][  0]LogTcpMessaging: Initializing TcpMessaging bridge
[2018.11.20-22.06.11:325][  0]LogUdpMessaging: Initializing bridge on interface 0.0.0.0:0 to multicast group 230.0.0.1:6666.
[2018.11.20-22.06.12:019][  0]LogMaterial: Missing cached shader map for material BaseColor, compiling. 
[2018.11.20-22.06.12:019][  0]LogMaterial: Warning: D:\UE_4.18\Engine\Content\BufferVisualization\BaseColor.uasset: Failed to compile Material for platform PCD3D_SM5, Default Material will be used in game.
[2018.11.20-22.06.12:020][  0]LogMaterial: 	(Node SceneTexture) GBuffer scene textures not available with forward shading.
[2018.11.20-22.06.12:044][  0]LogMaterial: Uniform references updated for custom material expression Custom.
[2018.11.20-22.06.12:053][  0]LogMaterial: Missing cached shader map for material LightingModel, compiling. 
[2018.11.20-22.06.12:054][  0]LogMaterial: Warning: D:\UE_4.18\Engine\Content\BufferVisualization\LightingModel.uasset: Failed to compile Material for platform PCD3D_SM5, Default Material will be used in game.
[2018.11.20-22.06.12:054][  0]LogMaterial: 	(Node SceneTexture) GBuffer scene textures not available with forward shading.
[2018.11.20-22.06.12:057][  0]LogMaterial: Missing cached shader map for material MaterialAO, compiling. 
[2018.11.20-22.06.12:057][  0]LogMaterial: Warning: D:\UE_4.18\Engine\Content\BufferVisualization\MaterialAO.uasset: Failed to compile Material for platform PCD3D_SM5, Default Material will be used in game.
[2018.11.20-22.06.12:057][  0]LogMaterial: 	(Node SceneTexture) GBuffer scene textures not available with forward shading.
[2018.11.20-22.06.12:060][  0]LogMaterial: Missing cached shader map for material Metallic, compiling. 
[2018.11.20-22.06.12:060][  0]LogMaterial: Warning: D:\UE_4.18\Engine\Content\BufferVisualization\Metallic.uasset: Failed to compile Material for platform PCD3D_SM5, Default Material will be used in game.
[2018.11.20-22.06.12:060][  0]LogMaterial: 	(Node SceneTexture) GBuffer scene textures not available with forward shading.
[2018.11.20-22.06.12:063][  0]LogMaterial: Missing cached shader map for material Opacity, compiling. 
[2018.11.20-22.06.12:063][  0]LogMaterial: Warning: D:\UE_4.18\Engine\Content\BufferVisualization\Opacity.uasset: Failed to compile Material for platform PCD3D_SM5, Default Material will be used in game.
[2018.11.20-22.06.12:063][  0]LogMaterial: 	(Node SceneTexture) GBuffer scene textures not available with forward shading.
[2018.11.20-22.06.12:067][  0]LogMaterial: Missing cached shader map for material Roughness, compiling. 
[2018.11.20-22.06.12:067][  0]LogMaterial: Warning: D:\UE_4.18\Engine\Content\BufferVisualization\Roughness.uasset: Failed to compile Material for platform PCD3D_SM5, Default Material will be used in game.
[2018.11.20-22.06.12:067][  0]LogMaterial: 	(Node SceneTexture) GBuffer scene textures not available with forward shading.
[2018.11.20-22.06.12:087][  0]LogMaterial: Missing cached shader map for material Specular, compiling. 
[2018.11.20-22.06.12:087][  0]LogMaterial: Warning: D:\UE_4.18\Engine\Content\BufferVisualization\Specular.uasset: Failed to compile Material for platform PCD3D_SM5, Default Material will be used in game.
[2018.11.20-22.06.12:087][  0]LogMaterial: 	(Node SceneTexture) GBuffer scene textures not available with forward shading.
[2018.11.20-22.06.12:090][  0]LogMaterial: Missing cached shader map for material SubsurfaceColor, compiling. 
[2018.11.20-22.06.12:091][  0]LogMaterial: Warning: D:\UE_4.18\Engine\Content\BufferVisualization\SubsurfaceColor.uasset: Failed to compile Material for platform PCD3D_SM5, Default Material will be used in game.
[2018.11.20-22.06.12:091][  0]LogMaterial: 	(Node SceneTexture) GBuffer scene textures not available with forward shading.
[2018.11.20-22.06.12:094][  0]LogMaterial: Missing cached shader map for material WorldNormal, compiling. 
[2018.11.20-22.06.12:094][  0]LogMaterial: Warning: D:\UE_4.18\Engine\Content\BufferVisualization\WorldNormal.uasset: Failed to compile Material for platform PCD3D_SM5, Default Material will be used in game.
[2018.11.20-22.06.12:094][  0]LogMaterial: 	(Node SceneTexture) GBuffer scene textures not available with forward shading.
[2018.11.20-22.06.12:484][  0]SourceControl: Source control is disabled
[2018.11.20-22.06.12:485][  0]SourceControl: Source control is disabled
[2018.11.20-22.06.12:541][  0]SourceControl: Source control is disabled
[2018.11.20-22.06.12:596][  0]SourceControl: Source control is disabled
[2018.11.20-22.06.13:455][  0]LogAndroidPermission: UAndroidPermissionCallbackProxy::GetInstance
[2018.11.20-22.06.13:742][  0]LogOcInput: OculusInput pre-init called
[2018.11.20-22.06.14:034][  0]LogEngine: Initializing Engine...
[2018.11.20-22.06.14:037][  0]LogHMD: Failed to initialize OpenVR with code 110
[2018.11.20-22.06.14:339][  0]LogStats: UGameplayTagsManager::ConstructGameplayTagTree: Construct from data asset -  0.000 s
[2018.11.20-22.06.14:339][  0]LogStats: UGameplayTagsManager::ConstructGameplayTagTree: GameplayTagTreeChangedEvent.Broadcast -  0.000 s
[2018.11.20-22.06.14:455][  0]LogAIModule: Creating AISystem for world Untitled
[2018.11.20-22.06.14:468][  0]LogInit: XAudio2 using 'Speakers (Logitech G933 Gaming Headset)' : 6 channels at 48 kHz using 16 bits per sample (channel mask 0x3f)
[2018.11.20-22.06.14:495][  0]LogInit: FAudioDevice initialized.
[2018.11.20-22.06.14:586][  0]LogDerivedDataCache: Saved boot cache 0.09s 78MB C:/Users/Ryan/AppData/Local/UnrealEngine/4.18/DerivedDataCache/Boot.ddc.
[2018.11.20-22.06.14:600][  0]LogInit: Texture streaming: Enabled
[2018.11.20-22.06.14:680][  0]LogEngineSessionManager: EngineSessionManager initialized
[2018.11.20-22.06.14:807][  0]LogInit: Transaction tracking system initialized
[2018.11.20-22.06.15:106][  0]BlueprintLog: New page: Editor Load
[2018.11.20-22.06.15:921][  0]LocalizationService: Localization service is disabled
[2018.11.20-22.06.16:632][  0]LogConsoleResponse: Display: 
[2018.11.20-22.06.16:819][  0]LogCook: Display: Max memory allowance for cook 16384mb min free memory 0mb
[2018.11.20-22.06.16:819][  0]LogCook: Display: Mobile HDR setting 1
[2018.11.20-22.06.16:819][  0]LogGameplayTags: Display: UGameplayTagsManager::DoneAddingNativeTags. DelegateIsBound: 0
[2018.11.20-22.06.17:990][  0]LogFileCache: Scanning file cache for directory 'C:/Users/Ryan/Desktop/TableTennisVR/Content/' took 0.02s
[2018.11.20-22.06.18:033][  0]SourceControl: Source control is disabled
[2018.11.20-22.06.18:033][  0]Cmd: MAP LOAD FILE="C:/Users/Ryan/Desktop/TableTennisVR/Content/Maps/Example_Map.umap" TEMPLATE=0 SHOWPROGRESS=1 FEATURELEVEL=3
[2018.11.20-22.06.18:034][  0]LogEditorServer: Warning: Can't find file 'C:/Users/Ryan/Desktop/TableTennisVR/Content/Maps/Example_Map.umap'
[2018.11.20-22.06.18:034][  0]Cmd: MAP CHECKDEP NOCLEARLOG
[2018.11.20-22.06.18:094][  0]MapCheck: Map check complete: 0 Error(s), 0 Warning(s), took 60.132ms to complete.
[2018.11.20-22.06.18:094][  0]LogFileHelpers: Loading map 'Example_Map' took 0.061
[2018.11.20-22.06.18:276][  0]LogCollectionManager: Loaded 0 collections in 0.001160 seconds
[2018.11.20-22.06.18:362][  0]LogFileCache: Scanning file cache for directory 'C:/Users/Ryan/Desktop/TableTennisVR/Saved/Collections/' took 0.01s
[2018.11.20-22.06.18:362][  0]LogFileCache: Scanning file cache for directory 'C:/Users/Ryan/Desktop/TableTennisVR/Content/Developers/Ryan/Collections/' took 0.01s
[2018.11.20-22.06.18:362][  0]LogFileCache: Scanning file cache for directory 'C:/Users/Ryan/Desktop/TableTennisVR/Content/Collections/' took 0.01s
[2018.11.20-22.06.18:362][  0]LogCollectionManager: Rebuilt the GUID cache for 0 collections in 0.000000 seconds
[2018.11.20-22.06.18:371][  0]LogContentBrowser: Native class hierarchy populated in 0.0094 seconds. Added 2363 classes and 519 folders.
[2018.11.20-22.06.18:428][  0]LogContentBrowser: Native class hierarchy updated for 'WidgetCarousel' in 0.0002 seconds. Added 0 classes and 0 folders.
[2018.11.20-22.06.18:485][  0]LogContentBrowser: Native class hierarchy updated for 'AddContentDialog' in 0.0003 seconds. Added 0 classes and 0 folders.
[2018.11.20-22.06.18:527][  0]LogContentBrowser: Native class hierarchy updated for 'SceneOutliner' in 0.0002 seconds. Added 1 classes and 2 folders.
[2018.11.20-22.06.18:550][  0]LogSlate: Took 0.000612 seconds to synchronously load lazily loaded font '../../../Engine/Content/Slate/Fonts/Roboto-Regular.ttf' (155K)
[2018.11.20-22.06.18:552][  0]LogSlate: Took 0.000394 seconds to synchronously load lazily loaded font '../../../Engine/Content/Slate/Fonts/Roboto-Bold.ttf' (160K)
[2018.11.20-22.06.18:561][  0]LogSlate: Took 0.000338 seconds to synchronously load lazily loaded font '../../../Engine/Content/Editor/Slate/Fonts/FontAwesome.ttf' (139K)
[2018.11.20-22.06.18:669][  0]LogRenderer: Reallocating scene render targets to support 1208x576 Format 26 NumSamples 4 (Frame:1).
[2018.11.20-22.06.18:883][  0]LogContentBrowser: Native class hierarchy updated for 'HierarchicalLODOutliner' in 0.0002 seconds. Added 1 classes and 2 folders.
[2018.11.20-22.06.18:883][  0]LogLoad: (Engine Initialization) Total time: 19.07 seconds
[2018.11.20-22.06.18:883][  0]LogLoad: (Engine Initialization) Total Blueprint compile time: 0.00 seconds
[2018.11.20-22.06.18:883][  0]LogExternalProfiler: Found external profiler: VSPerf
[2018.11.20-22.06.18:883][  0]LogExternalProfiler: Using external profiler: VSPerf
[2018.11.20-22.06.18:914][  0]LogWindowsTextInputMethodSystem: Display: IME system now deactivated.
[2018.11.20-22.06.18:933][  0]LogContentStreaming: Texture pool size now 1000 MB
[2018.11.20-22.06.18:976][  0]LogSlate: Took 0.000336 seconds to synchronously load lazily loaded font '../../../Engine/Content/Slate/Fonts/Roboto-Light.ttf' (159K)
[2018.11.20-22.06.19:055][  1]LogAssetRegistry: Asset discovery search completed in 11.3913 seconds
[2018.11.20-22.06.19:057][  1]LogCollectionManager: Rebuilt the object cache for 0 collections in 0.000000 seconds (found 0 objects)
[2018.11.20-22.06.19:057][  1]LogCollectionManager: Fixed up redirectors for 0 collections in 0.000046 seconds (updated 0 objects)
[2018.11.20-22.06.22:389][363]LogSlate: Took 0.000224 seconds to synchronously load lazily loaded font '../../../Engine/Content/Slate/Fonts/Roboto-Light.ttf' (159K)
[2018.11.20-22.06.23:262][363]LogSlate: Took 0.000273 seconds to synchronously load lazily loaded font '../../../Engine/Content/Slate/Fonts/Roboto-Regular.ttf' (155K)
[2018.11.20-22.06.23:409][363]LogBlueprint: Warning: [Compiler PersistentLevel.Baseball] Node  Unknown  is not referencing a valid level actor
[2018.11.20-22.06.23:410][363]LogBlueprint: Warning: [Compiler PersistentLevel.Baseball] [0023.59] Compile of PersistentLevel.Baseball successful, but with 1 Warning(s) [in 2 ms] (/Game/Maps/Baseball.Baseball:PersistentLevel.Baseball)
[2018.11.20-22.06.23:750][363]LogAIModule: Creating AISystem for world Baseball
[2018.11.20-22.06.23:830][363]Cmd: MAP LOAD FILE="C:/Users/Ryan/Desktop/TableTennisVR/Content/Maps/Baseball.umap" TEMPLATE=0 SHOWPROGRESS=1 FEATURELEVEL=3
[2018.11.20-22.06.23:830][363]LightingResults: New page: Lighting Build
[2018.11.20-22.06.23:872][363]LogContentBrowser: Native class hierarchy updated for 'StatsViewer' in 0.0002 seconds. Added 5 classes and 0 folders.
[2018.11.20-22.06.23:873][363]LoadErrors: New page: Loading map: Baseball.umap
[2018.11.20-22.06.23:873][363]MapCheck: New page: Map Check
[2018.11.20-22.06.23:873][363]LightingResults: New page: Lighting Build
[2018.11.20-22.06.23:937][363]LogEditorServer: Finished looking for orphan Actors (0.000 secs)
[2018.11.20-22.06.23:983][363]Cmd: MAP CHECKDEP NOCLEARLOG
[2018.11.20-22.06.24:057][363]MapCheck: Map check complete: 0 Error(s), 0 Warning(s), took 73.754ms to complete.
[2018.11.20-22.06.24:058][363]LogFileHelpers: Loading map 'Baseball' took 0.230
[2018.11.20-22.06.30:587][918]LogEditorViewport: Clicking on Actor (LMB): BP_CpuPaddle_C (BP_CpuPaddle)
[2018.11.20-22.06.30:930][940]LogEditorViewport: Clicking on Actor (LMB): Landscape (Landscape)
[2018.11.20-22.06.32:294][ 45]LogEditorViewport: Clicking on Actor (LMB): Landscape (Landscape)
[2018.11.20-22.06.32:845][ 90]LogEditorViewport: Clicking on Actor (LMB): BP_CpuPaddle_C (BP_CpuPaddle)
[2018.11.20-22.06.38:844][618]Cmd: OBJ SAVEPACKAGE PACKAGE="/Game/Maps/Baseball" FILE="C:/Users/Ryan/Desktop/TableTennisVR/Content/Maps/Baseball.umap" SILENT=true AUTOSAVING=false KEEPDIRTY=false
[2018.11.20-22.06.38:944][618]LogBlueprint: Warning: [Compiler PersistentLevel.Baseball] Node  Unknown  is not referencing a valid level actor
[2018.11.20-22.06.38:946][618]LogBlueprint: Warning: [Compiler PersistentLevel.Baseball] [0039.13] Compile of PersistentLevel.Baseball successful, but with 1 Warning(s) [in 16 ms] (/Game/Maps/Baseball.Baseball:PersistentLevel.Baseball)
[2018.11.20-22.06.39:539][618]LogSavePackage: Save=626.06ms
[2018.11.20-22.06.39:540][618]LogSavePackage: Moving 'C:/Users/Ryan/Desktop/TableTennisVR/Saved/Baseball26C9A8544BEEA376B3AA39B66FF0372C.tmp' to 'C:/Users/Ryan/Desktop/TableTennisVR/Content/Maps/Baseball.umap'
[2018.11.20-22.06.39:545][618]LogSavePackage: Display: Finished SavePackage C:/Users/Ryan/Desktop/TableTennisVR/Content/Maps/Baseball.umap
[2018.11.20-22.06.40:551][692]LogWindowsTextInputMethodSystem: Display: IME system now deactivated.
[2018.11.20-22.06.40:779][693]Cmd: QUIT_EDITOR
[2018.11.20-22.06.40:818][693]LogExit: Preparing to exit.
[2018.11.20-22.06.41:405][693]LogActorComponent: UnregisterComponent: (None.None) Not registered. Aborting.
[2018.11.20-22.06.41:405][693]LogActorComponent: UnregisterComponent: (None.None) Not registered. Aborting.
[2018.11.20-22.06.41:405][693]LogActorComponent: UnregisterComponent: (None.None) Not registered. Aborting.
[2018.11.20-22.06.41:466][693]LogExit: Editor shut down
[2018.11.20-22.06.41:469][693]LogExit: Transaction tracking system shut down
[2018.11.20-22.06.41:632][693]LogDirectoryWatcher: A directory notification for '../../../Engine/Content/' was aborted.
[2018.11.20-22.06.41:633][693]LogDirectoryWatcher: A directory notification for 'C:/Users/Ryan/Desktop/TableTennisVR/Content/' was aborted.
[2018.11.20-22.06.41:633][693]LogDirectoryWatcher: A directory notification for '../../../Engine/Plugins/2D/Paper2D/Content/' was aborted.
[2018.11.20-22.06.41:633][693]LogDirectoryWatcher: A directory notification for '../../../Engine/Plugins/Media/MediaCompositing/Content/' was aborted.
[2018.11.20-22.06.41:633][693]LogDirectoryWatcher: A directory notification for '../../../Engine/Plugins/Runtime/AppleARKit/Content/' was aborted.
[2018.11.20-22.06.41:633][693]LogDirectoryWatcher: A directory notification for '../../../Engine/Plugins/Runtime/Oculus/OculusVR/Content/' was aborted.
[2018.11.20-22.06.41:633][693]LogDirectoryWatcher: A directory notification for '../../../Engine/Plugins/Runtime/Steam/SteamVR/Content/' was aborted.
[2018.11.20-22.06.41:684][693]LogExit: Object subsystem successfully closed.
[2018.11.20-22.06.41:812][693]LogD3D11RHI: Shutdown
[2018.11.20-22.06.41:812][693]LogD3D11RHI: CleanupD3DDevice
[2018.11.20-22.06.41:861][693]LogD3D11RHI: ~FD3D11DynamicRHI
[2018.11.20-22.06.41:870][693]LogModuleManager: Shutting down and abandoning module StatsViewer (548)
[2018.11.20-22.06.41:870][693]LogModuleManager: Shutting down and abandoning module HierarchicalLODOutliner (546)
[2018.11.20-22.06.41:870][693]LogModuleManager: Shutting down and abandoning module SceneOutliner (544)
[2018.11.20-22.06.41:870][693]LogModuleManager: Shutting down and abandoning module AddContentDialog (542)
[2018.11.20-22.06.41:870][693]LogDirectoryWatcher: A directory notification for 'D:/UE_4.18/FeaturePacks/' was aborted.
[2018.11.20-22.06.41:870][693]LogModuleManager: Shutting down and abandoning module WidgetCarousel (541)
[2018.11.20-22.06.41:871][693]LogModuleManager: Shutting down and abandoning module EditorWidgets (538)
[2018.11.20-22.06.41:871][693]LogModuleManager: Shutting down and abandoning module CollectionManager (536)
[2018.11.20-22.06.41:871][693]LogDirectoryWatcher: A directory notification for 'C:/Users/Ryan/Desktop/TableTennisVR/Content/Collections/' was aborted.
[2018.11.20-22.06.41:871][693]LogDirectoryWatcher: A directory notification for 'C:/Users/Ryan/Desktop/TableTennisVR/Content/Developers/Ryan/Collections/' was aborted.
[2018.11.20-22.06.41:871][693]LogDirectoryWatcher: A directory notification for 'C:/Users/Ryan/Desktop/TableTennisVR/Saved/Collections/' was aborted.
[2018.11.20-22.06.41:871][693]LogModuleManager: Shutting down and abandoning module FoliageEdit (534)
[2018.11.20-22.06.41:871][693]LogModuleManager: Shutting down and abandoning module LandscapeEditor (532)
[2018.11.20-22.06.41:871][693]LogModuleManager: Shutting down and abandoning module MeshPaintMode (530)
[2018.11.20-22.06.41:871][693]LogModuleManager: Shutting down and abandoning module SceneDepthPickerMode (528)
[2018.11.20-22.06.41:871][693]LogModuleManager: Shutting down and abandoning module ActorPickerMode (526)
[2018.11.20-22.06.41:871][693]LogModuleManager: Shutting down and abandoning module GeometryMode (524)
[2018.11.20-22.06.41:871][693]LogModuleManager: Shutting down and abandoning module TextureAlignMode (522)
[2018.11.20-22.06.41:871][693]LogModuleManager: Shutting down and abandoning module BspMode (520)
[2018.11.20-22.06.41:871][693]LogModuleManager: Shutting down and abandoning module PIEPreviewDeviceProfileSelector (518)
[2018.11.20-22.06.41:871][693]LogModuleManager: Shutting down and abandoning module HardwareSurvey (516)
[2018.11.20-22.06.41:872][693]LogModuleManager: Shutting down and abandoning module SequenceRecorderSections (514)
[2018.11.20-22.06.41:872][693]LogModuleManager: Shutting down and abandoning module AutomationWorker (512)
[2018.11.20-22.06.41:872][693]LogModuleManager: Shutting down and abandoning module MatineeToLevelSequence (510)
[2018.11.20-22.06.41:872][693]LogModuleManager: Shutting down and abandoning module LevelSequenceEditor (508)
[2018.11.20-22.06.41:872][693]LogModuleManager: Shutting down and abandoning module PlacementMode (507)
[2018.11.20-22.06.41:872][693]LogModuleManager: Shutting down and abandoning module WmfMediaFactory (504)
[2018.11.20-22.06.41:872][693]LogModuleManager: Shutting down and abandoning module WmfMediaEditor (502)
[2018.11.20-22.06.41:872][693]LogModuleManager: Shutting down and abandoning module OpenExrWrapper (500)
[2018.11.20-22.06.41:872][693]LogModuleManager: Shutting down and abandoning module ImgMediaFactory (498)
[2018.11.20-22.06.41:872][693]LogModuleManager: Shutting down and abandoning module ImgMediaEditor (496)
[2018.11.20-22.06.41:872][693]LogModuleManager: Shutting down and abandoning module AvfMediaFactory (494)
[2018.11.20-22.06.41:872][693]LogModuleManager: Shutting down and abandoning module AvfMediaEditor (492)
[2018.11.20-22.06.41:872][693]LogModuleManager: Shutting down and abandoning module AndroidMediaFactory (490)
[2018.11.20-22.06.41:872][693]LogModuleManager: Shutting down and abandoning module AndroidMediaEditor (488)
[2018.11.20-22.06.41:872][693]LogModuleManager: Shutting down and abandoning module CharacterAI (486)
[2018.11.20-22.06.41:872][693]LogModuleManager: Shutting down and abandoning module AudioCapture (484)
[2018.11.20-22.06.41:872][693]LogModuleManager: Shutting down and abandoning module SequenceRecorder (483)
[2018.11.20-22.06.41:872][693]LogModuleManager: Shutting down and abandoning module SmartSnapping (480)
[2018.11.20-22.06.41:872][693]LogModuleManager: Shutting down and abandoning module SessionServices (478)
[2018.11.20-22.06.41:872][693]LogModuleManager: Shutting down and abandoning module ViewportSnapping (476)
[2018.11.20-22.06.41:872][693]LogModuleManager: Shutting down and abandoning module ViewportInteraction (474)
[2018.11.20-22.06.41:872][693]LogModuleManager: Shutting down and abandoning module ClothPainter (472)
[2018.11.20-22.06.41:872][693]LogModuleManager: Shutting down and abandoning module SkeletalMeshEditor (471)
[2018.11.20-22.06.41:872][693]LogModuleManager: Shutting down and abandoning module LogVisualizer (468)
[2018.11.20-22.06.41:872][693]LogModuleManager: Shutting down and abandoning module IntroTutorials (466)
[2018.11.20-22.06.41:872][693]LogModuleManager: Shutting down and abandoning module GameProjectGeneration (465)
[2018.11.20-22.06.41:872][693]LogModuleManager: Shutting down and abandoning module IOSPlatformEditor (462)
[2018.11.20-22.06.41:872][693]LogModuleManager: Shutting down and abandoning module HTML5PlatformEditor (460)
[2018.11.20-22.06.41:872][693]LogModuleManager: Shutting down and abandoning module AndroidPlatformEditor (458)
[2018.11.20-22.06.41:872][693]LogModuleManager: Shutting down and abandoning module AndroidDeviceDetection (457)
[2018.11.20-22.06.42:302][693]LogModuleManager: Shutting down and abandoning module WindowsPlatformEditor (454)
[2018.11.20-22.06.42:302][693]LogModuleManager: Shutting down and abandoning module IOSRuntimeSettings (452)
[2018.11.20-22.06.42:302][693]LogModuleManager: Shutting down and abandoning module AndroidRuntimeSettings (450)
[2018.11.20-22.06.42:302][693]LogModuleManager: Shutting down and abandoning module InputBindingEditor (448)
[2018.11.20-22.06.42:302][693]LogModuleManager: Shutting down and abandoning module MergeActors (446)
[2018.11.20-22.06.42:302][693]LogModuleManager: Shutting down and abandoning module SizeMap (444)
[2018.11.20-22.06.42:302][693]LogModuleManager: Shutting down and abandoning module TreeMap (442)
[2018.11.20-22.06.42:302][693]LogModuleManager: Shutting down and abandoning module ReferenceViewer (440)
[2018.11.20-22.06.42:302][693]LogModuleManager: Shutting down and abandoning module LocalizationDashboard (438)
[2018.11.20-22.06.42:302][693]LogModuleManager: Shutting down and abandoning module LocalizationService (437)
[2018.11.20-22.06.42:302][693]LogModuleManager: Shutting down and abandoning module HardwareTargeting (434)
[2018.11.20-22.06.42:302][693]LogModuleManager: Shutting down and abandoning module DeviceProfileEditor (432)
[2018.11.20-22.06.42:302][693]LogModuleManager: Shutting down and abandoning module UndoHistory (430)
[2018.11.20-22.06.42:302][693]LogModuleManager: Shutting down and abandoning module XmlParser (428)
[2018.11.20-22.06.42:302][693]LogModuleManager: Shutting down and abandoning module Blutility (426)
[2018.11.20-22.06.42:302][693]LogModuleManager: Shutting down and abandoning module ProjectSettingsViewer (424)
[2018.11.20-22.06.42:302][693]LogModuleManager: Shutting down and abandoning module ProjectTargetPlatformEditor (423)
[2018.11.20-22.06.42:303][693]LogModuleManager: Shutting down and abandoning module EditorSettingsViewer (420)
[2018.11.20-22.06.42:303][693]LogModuleManager: Shutting down and abandoning module SettingsEditor (418)
[2018.11.20-22.06.42:303][693]LogModuleManager: Shutting down and abandoning module ProjectLauncher (416)
[2018.11.20-22.06.42:303][693]LogModuleManager: Shutting down and abandoning module SessionFrontend (414)
[2018.11.20-22.06.42:303][693]LogModuleManager: Shutting down and abandoning module ProfilerClient (412)
[2018.11.20-22.06.42:303][693]LogModuleManager: Shutting down and abandoning module DeviceManager (410)
[2018.11.20-22.06.42:303][693]LogModuleManager: Shutting down and abandoning module TargetDeviceServices (409)
[2018.11.20-22.06.42:358][693]LogModuleManager: Shutting down and abandoning module AutomationController (406)
[2018.11.20-22.06.42:358][693]LogModuleManager: Shutting down and abandoning module AutomationWindow (404)
[2018.11.20-22.06.42:358][693]LogModuleManager: Shutting down and abandoning module Layers (402)
[2018.11.20-22.06.42:358][693]LogModuleManager: Shutting down and abandoning module ComponentVisualizers (400)
[2018.11.20-22.06.42:358][693]LogModuleManager: Shutting down and abandoning module DetailCustomizations (398)
[2018.11.20-22.06.42:358][693]LogModuleManager: Shutting down and abandoning module PackagesDialog (396)
[2018.11.20-22.06.42:358][693]LogModuleManager: Shutting down and abandoning module Persona (394)
[2018.11.20-22.06.42:358][693]LogModuleManager: Shutting down and abandoning module AdvancedPreviewScene (393)
[2018.11.20-22.06.42:358][693]LogModuleManager: Shutting down and abandoning module AnimGraph (391)
[2018.11.20-22.06.42:358][693]LogModuleManager: Shutting down and abandoning module Kismet (388)
[2018.11.20-22.06.42:359][693]LogModuleManager: Shutting down and abandoning module ClassViewer (386)
[2018.11.20-22.06.42:359][693]LogModuleManager: Shutting down and abandoning module Toolbox (384)
[2018.11.20-22.06.42:359][693]LogModuleManager: Shutting down and abandoning module ModuleUI (382)
[2018.11.20-22.06.42:359][693]LogModuleManager: Shutting down and abandoning module MovieSceneTools (380)
[2018.11.20-22.06.42:359][693]LogModuleManager: Shutting down and abandoning module OutputLog (378)
[2018.11.20-22.06.42:359][693]LogModuleManager: Shutting down and abandoning module GammaUI (376)
[2018.11.20-22.06.42:359][693]LogModuleManager: Shutting down and abandoning module Documentation (374)
[2018.11.20-22.06.42:359][693]LogModuleManager: Shutting down and abandoning module MovieSceneTracks (372)
[2018.11.20-22.06.42:359][693]LogModuleManager: Shutting down and abandoning module MovieScene (370)
[2018.11.20-22.06.42:359][693]LogModuleManager: Shutting down and abandoning module StreamingPauseRendering (368)
[2018.11.20-22.06.42:359][693]LogModuleManager: Shutting down and abandoning module LauncherPlatform (366)
[2018.11.20-22.06.42:359][693]LogModuleManager: Shutting down and abandoning module AnalyticsET (364)
[2018.11.20-22.06.42:359][693]LogModuleManager: Shutting down and abandoning module PortalServices (362)
[2018.11.20-22.06.42:359][693]LogModuleManager: Shutting down and abandoning module PortalRpc (360)
[2018.11.20-22.06.42:359][693]LogModuleManager: Shutting down and abandoning module MessagingRpc (358)
[2018.11.20-22.06.42:359][693]LogModuleManager: Shutting down and abandoning module AIModule (356)
[2018.11.20-22.06.42:359][693]LogModuleManager: Shutting down and abandoning module GameplayDebugger (355)
[2018.11.20-22.06.42:359][693]LogModuleManager: Shutting down and abandoning module AITestSuite (353)
[2018.11.20-22.06.42:359][693]LogModuleManager: Shutting down and abandoning module DesktopPlatform (350)
[2018.11.20-22.06.42:359][693]LogModuleManager: Shutting down and abandoning module ProfilerService (348)
[2018.11.20-22.06.42:532][693]LogModuleManager: Shutting down and abandoning module TaskGraph (346)
[2018.11.20-22.06.42:532][693]LogModuleManager: Shutting down and abandoning module SteamVRController (344)
[2018.11.20-22.06.42:532][693]LogModuleManager: Shutting down and abandoning module ProceduralMeshComponentEditor (342)
[2018.11.20-22.06.42:532][693]LogModuleManager: Shutting down and abandoning module ProceduralMeshComponent (340)
[2018.11.20-22.06.42:532][693]LogModuleManager: Shutting down and abandoning module OculusInput (338)
[2018.11.20-22.06.42:532][693]LogModuleManager: Shutting down and abandoning module MobilePatchingUtils (336)
[2018.11.20-22.06.42:532][693]LogModuleManager: Shutting down and abandoning module CustomMeshComponent (334)
[2018.11.20-22.06.42:532][693]LogModuleManager: Shutting down and abandoning module CableComponent (332)
[2018.11.20-22.06.42:532][693]LogModuleManager: Shutting down and abandoning module ArchVisCharacter (330)
[2018.11.20-22.06.42:532][693]LogModuleManager: Shutting down and abandoning module AndroidPermission (328)
[2018.11.20-22.06.42:532][693]LogModuleManager: Shutting down and abandoning module ActorSequence (324)
[2018.11.20-22.06.42:532][693]LogModuleManager: Shutting down and abandoning module MediaPlayerEditor (322)
[2018.11.20-22.06.42:532][693]LogModuleManager: Shutting down and abandoning module MediaCompositingEditor (320)
[2018.11.20-22.06.42:532][693]LogModuleManager: Shutting down and abandoning module MediaCompositing (318)
[2018.11.20-22.06.42:533][693]LogModuleManager: Shutting down and abandoning module HTML5Networking (316)
[2018.11.20-22.06.42:533][693]LogModuleManager: Shutting down and abandoning module AlembicImporter (314)
[2018.11.20-22.06.42:533][693]LogModuleManager: Shutting down and abandoning module AlembicLibrary (313)
[2018.11.20-22.06.42:533][693]LogModuleManager: Shutting down and abandoning module GeometryCache (312)
[2018.11.20-22.06.42:533][693]LogModuleManager: Shutting down and abandoning module GeometryCacheEd (311)
[2018.11.20-22.06.42:533][693]LogModuleManager: Shutting down and abandoning module SpeedTreeImporter (306)
[2018.11.20-22.06.42:533][693]LogModuleManager: Shutting down and abandoning module PluginBrowser (304)
[2018.11.20-22.06.42:533][693]LogModuleManager: Shutting down and abandoning module MobileLauncherProfileWizard (302)
[2018.11.20-22.06.42:533][693]LogModuleManager: Shutting down and abandoning module VisualStudioSourceCodeAccess (300)
[2018.11.20-22.06.42:533][693]LogModuleManager: Shutting down and abandoning module VisualStudioCodeSourceCodeAccess (298)
[2018.11.20-22.06.42:533][693]LogModuleManager: Shutting down and abandoning module UObjectPlugin (296)
[2018.11.20-22.06.42:533][693]LogModuleManager: Shutting down and abandoning module SubversionSourceControl (294)
[2018.11.20-22.06.42:533][693]LogModuleManager: Shutting down and abandoning module PerforceSourceControl (292)
[2018.11.20-22.06.42:533][693]LogModuleManager: Shutting down and abandoning module GitSourceControl (290)
[2018.11.20-22.06.42:533][693]LogModuleManager: Shutting down and abandoning module SourceControl (289)
[2018.11.20-22.06.42:533][693]LogModuleManager: Shutting down and abandoning module LightPropagationVolumeEditor (286)
[2018.11.20-22.06.42:533][693]LogModuleManager: Shutting down and abandoning module PaperTiledImporter (284)
[2018.11.20-22.06.42:533][693]LogModuleManager: Shutting down and abandoning module PaperSpriteSheetImporter (282)
[2018.11.20-22.06.42:533][693]LogModuleManager: Shutting down and abandoning module Paper2DEditor (280)
[2018.11.20-22.06.42:533][693]LogModuleManager: Shutting down and abandoning module MeshPaint (279)
[2018.11.20-22.06.42:533][693]LogModuleManager: Shutting down and abandoning module LevelEditor (277)
[2018.11.20-22.06.42:534][693]LogModuleManager: Shutting down and abandoning module PixelInspectorModule (276)
[2018.11.20-22.06.42:534][693]LogModuleManager: Shutting down and abandoning module MainFrame (274)
[2018.11.20-22.06.42:535][693]LogModuleManager: Shutting down and abandoning module HotReload (273)
[2018.11.20-22.06.42:536][693]LogModuleManager: Shutting down and abandoning module RuntimePhysXCooking (268)
[2018.11.20-22.06.42:536][693]LogModuleManager: Shutting down and abandoning module PhysXVehiclesEditor (266)
[2018.11.20-22.06.42:536][693]LogModuleManager: Shutting down and abandoning module PhysXVehicles (264)
[2018.11.20-22.06.42:536][693]LogModuleManager: Shutting down and abandoning module OculusEditor (262)
[2018.11.20-22.06.42:536][693]LogModuleManager: Shutting down and abandoning module LocationServicesBPLibrary (260)
[2018.11.20-22.06.42:536][693]LogModuleManager: Shutting down and abandoning module ImmediatePhysicsEditor (258)
[2018.11.20-22.06.42:536][693]LogModuleManager: Shutting down and abandoning module ImmediatePhysics (256)
[2018.11.20-22.06.42:536][693]LogModuleManager: Shutting down and abandoning module UdpMessaging (254)
[2018.11.20-22.06.42:637][693]LogModuleManager: Shutting down and abandoning module TcpMessaging (252)
[2018.11.20-22.06.42:737][693]LogModuleManager: Shutting down and abandoning module GameplayTagsEditor (250)
[2018.11.20-22.06.42:737][693]LogModuleManager: Shutting down and abandoning module FacialAnimationEditor (248)
[2018.11.20-22.06.42:737][693]LogModuleManager: Shutting down and abandoning module FacialAnimation (246)
[2018.11.20-22.06.42:737][693]LogModuleManager: Shutting down and abandoning module AssetManagerEditor (244)
[2018.11.20-22.06.42:737][693]LogModuleManager: Shutting down and abandoning module GraphEditor (243)
[2018.11.20-22.06.42:737][693]LogModuleManager: Shutting down and abandoning module ContentBrowser (241)
[2018.11.20-22.06.42:738][693]LogModuleManager: Shutting down and abandoning module LightPropagationVolumeRuntime (238)
[2018.11.20-22.06.42:739][693]LogModuleManager: Shutting down and abandoning module Paper2D (236)
[2018.11.20-22.06.42:739][693]LogModuleManager: Shutting down and abandoning module WindowsMoviePlayer (234)
[2018.11.20-22.06.42:739][693]LogModuleManager: Shutting down and abandoning module WmfMedia (232)
[2018.11.20-22.06.42:742][693]LogModuleManager: Shutting down and abandoning module ImgMedia (230)
[2018.11.20-22.06.42:742][693]LogModuleManager: Shutting down and abandoning module PacketHandler (228)
[2018.11.20-22.06.42:742][693]LogModuleManager: Shutting down and abandoning module ClothingSystemEditor (226)
[2018.11.20-22.06.42:743][693]LogModuleManager: Shutting down and abandoning module ClothingSystemRuntime (224)
[2018.11.20-22.06.42:743][693]LogModuleManager: Shutting down and abandoning module MediaAssets (222)
[2018.11.20-22.06.42:743][693]LogModuleManager: Shutting down and abandoning module Media (221)
[2018.11.20-22.06.42:749][693]LogModuleManager: Shutting down and abandoning module Overlay (218)
[2018.11.20-22.06.42:749][693]LogModuleManager: Shutting down and abandoning module OverlayEditor (217)
[2018.11.20-22.06.42:749][693]LogModuleManager: Shutting down and abandoning module VREditor (214)
[2018.11.20-22.06.42:749][693]LogModuleManager: Shutting down and abandoning module StringTableEditor (212)
[2018.11.20-22.06.42:749][693]LogModuleManager: Shutting down and abandoning module GameplayTasksEditor (210)
[2018.11.20-22.06.42:749][693]LogModuleManager: Shutting down and abandoning module BehaviorTreeEditor (208)
[2018.11.20-22.06.42:749][693]LogModuleManager: Shutting down and abandoning module FunctionalTesting (206)
[2018.11.20-22.06.42:750][693]LogModuleManager: Shutting down and abandoning module CollisionAnalyzer (204)
[2018.11.20-22.06.42:750][693]LogModuleManager: Shutting down and abandoning module WorkspaceMenuStructure (203)
[2018.11.20-22.06.42:750][693]LogModuleManager: Shutting down and abandoning module UMG (200)
[2018.11.20-22.06.42:750][693]LogModuleManager: Shutting down and abandoning module UMGEditor (199)
[2018.11.20-22.06.42:750][693]LogModuleManager: Shutting down and abandoning module Sequencer (198)
[2018.11.20-22.06.42:750][693]LogModuleManager: Shutting down and abandoning module MessageLog (195)
[2018.11.20-22.06.42:750][693]LogModuleManager: Shutting down and abandoning module SlateReflector (190)
[2018.11.20-22.06.42:750][693]LogModuleManager: Shutting down and abandoning module Slate (188)
[2018.11.20-22.06.42:750][693]LogModuleManager: Shutting down and abandoning module EditorStyle (186)
[2018.11.20-22.06.42:752][693]LogModuleManager: Shutting down and abandoning module MRMesh (184)
[2018.11.20-22.06.42:752][693]LogModuleManager: Shutting down and abandoning module SourceCodeAccess (182)
[2018.11.20-22.06.42:752][693]LogModuleManager: Shutting down and abandoning module HeadMountedDisplay (180)
[2018.11.20-22.06.42:752][693]LogModuleManager: Shutting down and abandoning module XAudio2 (178)
[2018.11.20-22.06.42:752][693]LogModuleManager: Shutting down and abandoning module Networking (176)
[2018.11.20-22.06.42:752][693]LogModuleManager: Shutting down and abandoning module Core (172)
[2018.11.20-22.06.42:752][693]LogModuleManager: Shutting down and abandoning module LevelSequence (168)
[2018.11.20-22.06.42:752][693]LogModuleManager: Shutting down and abandoning module DirectoryWatcher (166)
[2018.11.20-22.06.42:752][693]LogModuleManager: Shutting down and abandoning module KismetCompiler (164)
[2018.11.20-22.06.42:752][693]LogModuleManager: Shutting down and abandoning module MeshUtilities (162)
[2018.11.20-22.06.42:752][693]LogModuleManager: Shutting down and abandoning module MeshMergeUtilities (161)
[2018.11.20-22.06.42:752][693]LogModuleManager: Shutting down and abandoning module MeshReductionInterface (160)
[2018.11.20-22.06.42:752][693]LogModuleManager: Shutting down and abandoning module SimplygonSwarm (159)
[2018.11.20-22.06.42:752][693]LogModuleManager: Shutting down and abandoning module SimplygonMeshReduction (157)
[2018.11.20-22.06.42:752][693]LogModuleManager: Shutting down and abandoning module QuadricMeshReduction (155)
[2018.11.20-22.06.42:753][693]LogModuleManager: Shutting down and abandoning module MaterialBaking (151)
[2018.11.20-22.06.42:753][693]LogModuleManager: Shutting down and abandoning module DerivedDataCache (148)
[2018.11.20-22.06.43:204][693]LogDerivedDataCache: Shutdown
[2018.11.20-22.06.43:204][693]LogModuleManager: Shutting down and abandoning module TargetPlatform (146)
[2018.11.20-22.06.43:204][693]LogModuleManager: Shutting down and abandoning module VulkanShaderFormat (145)
[2018.11.20-22.06.43:205][693]LogModuleManager: Shutting down and abandoning module ShaderFormatVectorVM (143)
[2018.11.20-22.06.43:205][693]LogModuleManager: Shutting down and abandoning module ShaderFormatOpenGL (141)
[2018.11.20-22.06.43:205][693]LogModuleManager: Shutting down and abandoning module ShaderFormatD3D (139)
[2018.11.20-22.06.43:205][693]LogModuleManager: Shutting down and abandoning module MetalShaderFormat (137)
[2018.11.20-22.06.43:205][693]LogModuleManager: Shutting down and abandoning module TextureFormatUncompressed (135)
[2018.11.20-22.06.43:205][693]LogModuleManager: Shutting down and abandoning module TextureFormatPVR (133)
[2018.11.20-22.06.43:205][693]LogModuleManager: Shutting down and abandoning module TextureFormatDXT (131)
[2018.11.20-22.06.43:205][693]LogModuleManager: Shutting down and abandoning module TextureFormatIntelISPCTexComp (129)
[2018.11.20-22.06.43:205][693]LogModuleManager: Shutting down and abandoning module TextureFormatASTC (127)
[2018.11.20-22.06.43:205][693]LogModuleManager: Shutting down and abandoning module ImageWrapper (126)
[2018.11.20-22.06.43:205][693]LogModuleManager: Shutting down and abandoning module TextureFormatAndroid (123)
[2018.11.20-22.06.43:205][693]LogModuleManager: Shutting down and abandoning module AudioFormatOpus (121)
[2018.11.20-22.06.43:205][693]LogModuleManager: Shutting down and abandoning module AudioFormatOgg (119)
[2018.11.20-22.06.43:205][693]LogModuleManager: Shutting down and abandoning module AudioFormatADPCM (117)
[2018.11.20-22.06.43:205][693]LogModuleManager: Shutting down and abandoning module LinuxTargetPlatform (115)
[2018.11.20-22.06.43:205][693]LogModuleManager: Shutting down and abandoning module LinuxServerTargetPlatform (113)
[2018.11.20-22.06.43:205][693]LogModuleManager: Shutting down and abandoning module LinuxNoEditorTargetPlatform (111)
[2018.11.20-22.06.43:205][693]LogModuleManager: Shutting down and abandoning module LinuxClientTargetPlatform (109)
[2018.11.20-22.06.43:205][693]LogModuleManager: Shutting down and abandoning module TVOSTargetPlatform (107)
[2018.11.20-22.06.43:205][693]LogModuleManager: Shutting down and abandoning module Messaging (105)
[2018.11.20-22.06.43:205][693]LogModuleManager: Shutting down and abandoning module IOSTargetPlatform (103)
[2018.11.20-22.06.43:205][693]LogModuleManager: Shutting down and abandoning module HTML5TargetPlatform (101)
[2018.11.20-22.06.43:205][693]LogModuleManager: Shutting down and abandoning module AndroidTargetPlatform (99)
[2018.11.20-22.06.43:205][693]LogModuleManager: Shutting down and abandoning module Android_PVRTCTargetPlatform (97)
[2018.11.20-22.06.43:205][693]LogModuleManager: Shutting down and abandoning module Android_MultiTargetPlatform (95)
[2018.11.20-22.06.43:205][693]LogModuleManager: Shutting down and abandoning module Android_ETC2TargetPlatform (93)
[2018.11.20-22.06.43:205][693]LogModuleManager: Shutting down and abandoning module Android_ETC1TargetPlatform (91)
[2018.11.20-22.06.43:205][693]LogModuleManager: Shutting down and abandoning module Android_DXTTargetPlatform (89)
[2018.11.20-22.06.43:205][693]LogModuleManager: Shutting down and abandoning module Android_ATCTargetPlatform (87)
[2018.11.20-22.06.43:205][693]LogModuleManager: Shutting down and abandoning module Android_ASTCTargetPlatform (85)
[2018.11.20-22.06.43:205][693]LogModuleManager: Shutting down and abandoning module WindowsTargetPlatform (83)
[2018.11.20-22.06.43:205][693]LogModuleManager: Shutting down and abandoning module WindowsServerTargetPlatform (81)
[2018.11.20-22.06.43:205][693]LogModuleManager: Shutting down and abandoning module WindowsNoEditorTargetPlatform (79)
[2018.11.20-22.06.43:205][693]LogModuleManager: Shutting down and abandoning module WindowsClientTargetPlatform (77)
[2018.11.20-22.06.43:205][693]LogModuleManager: Shutting down and abandoning module MacTargetPlatform (75)
[2018.11.20-22.06.43:205][693]LogModuleManager: Shutting down and abandoning module MacServerTargetPlatform (73)
[2018.11.20-22.06.43:205][693]LogModuleManager: Shutting down and abandoning module MacNoEditorTargetPlatform (71)
[2018.11.20-22.06.43:205][693]LogModuleManager: Shutting down and abandoning module MacClientTargetPlatform (69)
[2018.11.20-22.06.43:205][693]LogModuleManager: Shutting down and abandoning module AllDesktopTargetPlatform (67)
[2018.11.20-22.06.43:205][693]LogModuleManager: Shutting down and abandoning module InputCore (64)
[2018.11.20-22.06.43:206][693]LogModuleManager: Shutting down and abandoning module Settings (62)
[2018.11.20-22.06.43:206][693]LogModuleManager: Shutting down and abandoning module PhysXCooking (60)
[2018.11.20-22.06.43:206][693]LogModuleManager: Shutting down and abandoning module SteamVR (58)
[2018.11.20-22.06.43:206][693]LogModuleManager: Shutting down and abandoning module OculusHMD (56)
[2018.11.20-22.06.43:206][693]LogModuleManager: Shutting down and abandoning module ExampleDeviceProfileSelector (54)
[2018.11.20-22.06.43:206][693]LogModuleManager: Shutting down and abandoning module AppleARKit (52)
[2018.11.20-22.06.43:206][693]LogModuleManager: Shutting down and abandoning module AugmentedReality (51)
[2018.11.20-22.06.43:206][693]LogModuleManager: Shutting down and abandoning module OnlineBlueprintSupport (48)
[2018.11.20-22.06.43:206][693]LogModuleManager: Shutting down and abandoning module OnlineSubsystem (44)
[2018.11.20-22.06.43:206][693]LogModuleManager: Shutting down and abandoning module XMPP (43)
[2018.11.20-22.06.43:206][693]LogModuleManager: Shutting down and abandoning module HTTP (41)
[2018.11.20-22.06.43:206][693]LogHttp: Display: Http module shutting down, but needs to wait on 1 outstanding Http requests:
[2018.11.20-22.06.43:206][693]LogHttp: Display: 	verb=[POST] url=[https://datarouter.ol.epicgames.com/datarouter/api/v1/public/data?SessionID=%7BF74E752C-41DE-D221-7500-D391FFF5A8DE%7D&AppID=UEEditor.Rocket.Release&AppVersion=4.18.3-3832480%2B%2B%2BUE4%2BRelease-4.18&UserID=0526ddbd45922d394297e79635373058%7Cb2f118fb1acb4241a9bce52902423151%7C0034e877-c987-442d-8bcd-8d7a8ec524b6&AppEnvironment=datacollector-binary&UploadType=eteventstream] status=Processing
[2018.11.20-22.06.43:218][693]LogModuleManager: Shutting down and abandoning module SSL (40)
[2018.11.20-22.06.43:219][693]LogModuleManager: Shutting down and abandoning module AnimationModifiers (36)
[2018.11.20-22.06.43:219][693]LogModuleManager: Shutting down and abandoning module PropertyEditor (35)
[2018.11.20-22.06.43:219][693]LogModuleManager: Shutting down and abandoning module AudioEditor (32)
[2018.11.20-22.06.43:219][693]LogModuleManager: Shutting down and abandoning module TextureCompressor (30)
[2018.11.20-22.06.43:219][693]LogModuleManager: Shutting down and abandoning module ShaderCore (28)
[2018.11.20-22.06.43:219][693]LogModuleManager: Shutting down and abandoning module Landscape (26)
[2018.11.20-22.06.43:219][693]LogModuleManager: Shutting down and abandoning module SlateRHIRenderer (24)
[2018.11.20-22.06.43:220][693]LogModuleManager: Shutting down and abandoning module OpenGLDrv (22)
[2018.11.20-22.06.43:220][693]LogModuleManager: Shutting down and abandoning module D3D11RHI (20)
[2018.11.20-22.06.43:220][693]LogModuleManager: Shutting down and abandoning module AnimGraphRuntime (18)
[2018.11.20-22.06.43:220][693]LogModuleManager: Shutting down and abandoning module Renderer (16)
[2018.11.20-22.06.43:220][693]LogModuleManager: Shutting down and abandoning module Engine (14)
[2018.11.20-22.06.43:220][693]LogModuleManager: Shutting down and abandoning module CoreUObject (12)
[2018.11.20-22.06.43:220][693]LogModuleManager: Shutting down and abandoning module NetworkFile (10)
[2018.11.20-22.06.43:220][693]LogModuleManager: Shutting down and abandoning module CookedIterativeFile (8)
[2018.11.20-22.06.43:220][693]LogModuleManager: Shutting down and abandoning module StreamingFile (6)
[2018.11.20-22.06.43:220][693]LogModuleManager: Shutting down and abandoning module SandboxFile (4)
[2018.11.20-22.06.43:220][693]LogModuleManager: Shutting down and abandoning module PakFile (2)
[2018.11.20-22.06.43:225][693]LogExit: Exiting.
[2018.11.20-22.06.43:245][693]Log file closed, 11/21/18 11:06:43
